<?xml version="1.0" encoding="UTF-8"?>
<!-- Generated by org.testng.reporters.JUnitReportReporter -->
<testsuite skipped="0" hostname="Anh_PC" name="test.pk.testGetLogin" tests="1" failures="0" timestamp="01 Jun 2017 07:15:35 GMT" time="56.590" errors="0">
  <testcase name="test" time="56.590" classname="test.pk.testGetLogin"/>
</testsuite> <!-- test.pk.testGetLogin -->
