<?xml version="1.0" encoding="UTF-8"?>
<!-- Generated by org.testng.reporters.JUnitReportReporter -->
<testsuite skipped="0" hostname="Anh_PC" name="test.pk.testGetLogin" tests="1" failures="0" timestamp="02 Jun 2017 00:07:17 GMT" time="10.948" errors="0">
  <testcase name="test" time="10.948" classname="test.pk.testGetLogin"/>
</testsuite> <!-- test.pk.testGetLogin -->
