<?xml version="1.0" encoding="UTF-8"?>
<!-- Generated by org.testng.reporters.JUnitReportReporter -->
<testsuite skipped="0" hostname="Anh_PC" name="test.pk.testGet" tests="1" failures="0" timestamp="31 May 2017 15:18:48 GMT" time="21.026" errors="0">
  <testcase name="test" time="21.026" classname="test.pk.testGet"/>
</testsuite> <!-- test.pk.testGet -->
