<?xml version="1.0" encoding="UTF-8"?>
<!-- Generated by org.testng.reporters.JUnitReportReporter -->
<testsuite hostname="Anh_PC" name="test.pk.testGetLogin" tests="1" failures="0" timestamp="1 Jun 2017 07:33:28 GMT" time="20.193" errors="0">
  <testcase name="test" time="20.193" classname="test.pk.testGetLogin"/>
</testsuite> <!-- test.pk.testGetLogin -->
