<?xml version="1.0" encoding="UTF-8"?>
<!-- Generated by org.testng.reporters.JUnitReportReporter -->
<testsuite hostname="Anh_PC" name="test.pk.testGetLogin" tests="1" failures="0" timestamp="1 Jun 2017 23:07:14 GMT" time="10.030" errors="0">
  <testcase name="test" time="10.030" classname="test.pk.testGetLogin"/>
</testsuite> <!-- test.pk.testGetLogin -->
